<?xml version="1.0" encoding="UTF-8"?>
<testng-results ignored="0" total="1" passed="1" failed="0" skipped="0">
  <reporter-output>
  </reporter-output>
  <suite started-at="2021-04-09T12:59:11 IST" name="Default suite" finished-at="2021-04-09T12:59:30 IST" duration-ms="18579">
    <groups>
    </groups>
    <test started-at="2021-04-09T12:59:11 IST" name="Default test" finished-at="2021-04-09T12:59:30 IST" duration-ms="18579">
      <class name="SeleniumIQ.HowToAddCellValues">
        <test-method signature="verifySumPts()[pri:0, instance:SeleniumIQ.HowToAddCellValues@11bd0f3b]" started-at="2021-04-09T12:59:11 IST" name="verifySumPts" finished-at="2021-04-09T12:59:30 IST" duration-ms="18517" status="PASS">
          <reporter-output>
          </reporter-output>
        </test-method> <!-- verifySumPts -->
      </class> <!-- SeleniumIQ.HowToAddCellValues -->
    </test> <!-- Default test -->
  </suite> <!-- Default suite -->
</testng-results>
